C:\D_\work\ng2Mvc5Demo-master\ng2Mvc5Demo\Scripts\app.js
C:\D_\work\ng2Mvc5Demo-master\ng2Mvc5Demo\Scripts\app.js.map
C:\D_\work\ng2Mvc5Demo-master\ng2Mvc5Demo\Scripts\boot.js
C:\D_\work\ng2Mvc5Demo-master\ng2Mvc5Demo\Scripts\boot.js.map
C:\D_\work\ng2Mvc5Demo-master\ng2Mvc5Demo\Scripts\main.js
C:\D_\work\ng2Mvc5Demo-master\ng2Mvc5Demo\Scripts\main.js.map
C:\D_\work\ng2Mvc5Demo-master\ng2Mvc5Demo\Scripts\app.js
C:\D_\work\ng2Mvc5Demo-master\ng2Mvc5Demo\Scripts\app.js.map
C:\D_\work\ng2Mvc5Demo-master\ng2Mvc5Demo\Scripts\boot.js
C:\D_\work\ng2Mvc5Demo-master\ng2Mvc5Demo\Scripts\boot.js.map
C:\D_\work\ng2Mvc5Demo-master\ng2Mvc5Demo\Scripts\main.js
C:\D_\work\ng2Mvc5Demo-master\ng2Mvc5Demo\Scripts\main.js.map
C:\D_\work\ng2Mvc5Demo-master\ng2Mvc5Demo\Scripts\app.js
C:\D_\work\ng2Mvc5Demo-master\ng2Mvc5Demo\Scripts\app.js.map
C:\D_\work\ng2Mvc5Demo-master\ng2Mvc5Demo\Scripts\boot.js
C:\D_\work\ng2Mvc5Demo-master\ng2Mvc5Demo\Scripts\boot.js.map
C:\D_\work\ng2Mvc5Demo-master\ng2Mvc5Demo\Scripts\main.js
C:\D_\work\ng2Mvc5Demo-master\ng2Mvc5Demo\Scripts\main.js.map
C:\D_\work\ng2Mvc5Demo-master\ng2Mvc5Demo\Scripts\app.js
C:\D_\work\ng2Mvc5Demo-master\ng2Mvc5Demo\Scripts\app.js.map
C:\D_\work\ng2Mvc5Demo-master\ng2Mvc5Demo\Scripts\boot.js
C:\D_\work\ng2Mvc5Demo-master\ng2Mvc5Demo\Scripts\boot.js.map
C:\D_\work\ng2Mvc5Demo-master\ng2Mvc5Demo\Scripts\main.js
C:\D_\work\ng2Mvc5Demo-master\ng2Mvc5Demo\Scripts\main.js.map
